
=== Thu Aug 17 18:55:08 2023

Packages were changed.
Update Mode: updateDependencies

The following packages were updated:
  com.unity.collab-proxy from version 1.14.4 to 2.0.4
  com.unity.ide.rider from version 1.2.1 to 3.0.21
  com.unity.ide.visualstudio from version 2.0.12 to 2.0.18
  com.unity.ide.vscode from version 1.2.4 to 1.2.5
  com.unity.postprocessing from version 3.0.1 to 3.2.2
  com.unity.test-framework from version 1.1.29 to 1.1.33
  com.unity.textmeshpro from version 2.1.6 to 3.0.6
  com.unity.timeline from version 1.2.18 to 1.7.4

=== Thu Aug 17 18:55:08 2023

Packages were changed.
Update Mode: mergeDefaultDependencies

The following packages were added:
  com.unity.ide.rider@3.0.21
  com.unity.ide.visualstudio@2.0.18
  com.unity.ide.vscode@1.2.5
  com.unity.postprocessing@3.2.2
  com.unity.test-framework@1.1.33
